<?xml version="1.0" encoding="UTF-8"?>
<testng-results ignored="0" total="2" passed="2" failed="0" skipped="0">
  <reporter-output>
  </reporter-output>
  <suite started-at="2023-02-02T12:53:25 IST" name="Default suite" finished-at="2023-02-02T12:53:30 IST" duration-ms="4952">
    <groups>
    </groups>
    <test started-at="2023-02-02T12:53:25 IST" name="Default test" finished-at="2023-02-02T12:53:30 IST" duration-ms="4952">
      <class name="Module1_Login_Test.SwagLabTest">
        <test-method is-config="true" signature="EnterURL()[pri:0, instance:Module1_Login_Test.SwagLabTest@ffaa6af]" started-at="2023-02-02T12:53:25 IST" name="EnterURL" finished-at="2023-02-02T12:53:28 IST" duration-ms="2870" status="PASS">
          <reporter-output>
          </reporter-output>
        </test-method> <!-- EnterURL -->
        <test-method is-config="true" signature="LoginToApp()[pri:0, instance:Module1_Login_Test.SwagLabTest@ffaa6af]" started-at="2023-02-02T12:53:28 IST" name="LoginToApp" finished-at="2023-02-02T12:53:28 IST" duration-ms="339" status="PASS">
          <reporter-output>
          </reporter-output>
        </test-method> <!-- LoginToApp -->
        <test-method signature="VerifyLogo()[pri:1, instance:Module1_Login_Test.SwagLabTest@ffaa6af]" started-at="2023-02-02T12:53:28 IST" name="VerifyLogo" finished-at="2023-02-02T12:53:29 IST" duration-ms="55" status="PASS">
          <reporter-output>
          </reporter-output>
        </test-method> <!-- VerifyLogo -->
        <test-method is-config="true" signature="LogOutApp(org.testng.ITestResult)[pri:0, instance:Module1_Login_Test.SwagLabTest@ffaa6af]" started-at="2023-02-02T12:53:29 IST" name="LogOutApp" finished-at="2023-02-02T12:53:29 IST" duration-ms="182" status="PASS">
          <params>
            <param index="0">
              <value>
                <![CDATA[[TestResult name=VerifyLogo status=SUCCESS method=SwagLabTest.VerifyLogo()[pri:1, instance:Module1_Login_Test.SwagLabTest@ffaa6af] output={null}]]]>
              </value>
            </param>
          </params>
          <reporter-output>
          </reporter-output>
        </test-method> <!-- LogOutApp -->
        <test-method is-config="true" signature="LoginToApp()[pri:0, instance:Module1_Login_Test.SwagLabTest@ffaa6af]" started-at="2023-02-02T12:53:29 IST" name="LoginToApp" finished-at="2023-02-02T12:53:29 IST" duration-ms="184" status="PASS">
          <reporter-output>
          </reporter-output>
        </test-method> <!-- LoginToApp -->
        <test-method signature="VerifyAddToCartAndRemoveFunc()[pri:2, instance:Module1_Login_Test.SwagLabTest@ffaa6af]" started-at="2023-02-02T12:53:29 IST" name="VerifyAddToCartAndRemoveFunc" finished-at="2023-02-02T12:53:30 IST" duration-ms="708" status="PASS">
          <reporter-output>
          </reporter-output>
        </test-method> <!-- VerifyAddToCartAndRemoveFunc -->
        <test-method is-config="true" signature="LogOutApp(org.testng.ITestResult)[pri:0, instance:Module1_Login_Test.SwagLabTest@ffaa6af]" started-at="2023-02-02T12:53:30 IST" name="LogOutApp" finished-at="2023-02-02T12:53:30 IST" duration-ms="268" status="PASS">
          <params>
            <param index="0">
              <value>
                <![CDATA[[TestResult name=VerifyAddToCartAndRemoveFunc status=SUCCESS method=SwagLabTest.VerifyAddToCartAndRemoveFunc()[pri:2, instance:Module1_Login_Test.SwagLabTest@ffaa6af] output={null}]]]>
              </value>
            </param>
          </params>
          <reporter-output>
          </reporter-output>
        </test-method> <!-- LogOutApp -->
        <test-method is-config="true" signature="CloseApp()[pri:0, instance:Module1_Login_Test.SwagLabTest@ffaa6af]" started-at="2023-02-02T12:53:30 IST" name="CloseApp" finished-at="2023-02-02T12:53:30 IST" duration-ms="312" status="PASS">
          <reporter-output>
          </reporter-output>
        </test-method> <!-- CloseApp -->
      </class> <!-- Module1_Login_Test.SwagLabTest -->
    </test> <!-- Default test -->
  </suite> <!-- Default suite -->
</testng-results>
